This is pdfTeX, Version 3.14159265-2.6-1.40.20 (TeX Live 2019/Arch Linux) (preloaded format=pdflatex 2019.7.18)  23 JUL 2019 18:11
entering extended mode
 \write18 enabled.
 %&-line parsing enabled.
**SDQ_vorlage_beamer.tex
(./SDQ_vorlage_beamer.tex
LaTeX2e <2018-12-01>
(/usr/share/texmf-dist/tex/latex/beamer/beamer.cls
Document Class: beamer 2018/12/02 v3.55 A class for typesetting presentations
(/usr/share/texmf-dist/tex/latex/beamer/beamerbasemodes.sty
(/usr/share/texmf-dist/tex/latex/etoolbox/etoolbox.sty
Package: etoolbox 2018/08/19 v2.5f e-TeX tools for LaTeX (JAW)
\etb@tempcnta=\count80
)
\beamer@tempbox=\box27
\beamer@tempcount=\count81
\c@beamerpauses=\count82

(/usr/share/texmf-dist/tex/latex/beamer/beamerbasedecode.sty
\beamer@slideinframe=\count83
\beamer@minimum=\count84
)
\beamer@commentbox=\box28
\beamer@modecount=\count85
)
(/usr/share/texmf-dist/tex/generic/oberdiek/ifpdf.sty
Package: ifpdf 2018/09/07 v3.3 Provides the ifpdf switch
)
\headdp=\dimen102
\footheight=\dimen103
\sidebarheight=\dimen104
\beamer@tempdim=\dimen105
\beamer@finalheight=\dimen106
\beamer@animht=\dimen107
\beamer@animdp=\dimen108
\beamer@animwd=\dimen109
\beamer@leftmargin=\dimen110
\beamer@rightmargin=\dimen111
\beamer@leftsidebar=\dimen112
\beamer@rightsidebar=\dimen113
\beamer@boxsize=\dimen114
\beamer@vboxoffset=\dimen115
\beamer@descdefault=\dimen116
\beamer@descriptionwidth=\dimen117
\beamer@lastskip=\skip41
\beamer@areabox=\box29
\beamer@animcurrent=\box30
\beamer@animshowbox=\box31
\beamer@sectionbox=\box32
\beamer@logobox=\box33
\beamer@linebox=\box34
\beamer@sectioncount=\count86
\beamer@subsubsectionmax=\count87
\beamer@subsectionmax=\count88
\beamer@sectionmax=\count89
\beamer@totalheads=\count90
\beamer@headcounter=\count91
\beamer@partstartpage=\count92
\beamer@sectionstartpage=\count93
\beamer@subsectionstartpage=\count94
\beamer@animationtempa=\count95
\beamer@animationtempb=\count96
\beamer@xpos=\count97
\beamer@ypos=\count98
\beamer@ypos@offset=\count99
\beamer@showpartnumber=\count100
\beamer@currentsubsection=\count101
\beamer@coveringdepth=\count102
\beamer@sectionadjust=\count103
\beamer@tocsectionnumber=\count104

(/usr/share/texmf-dist/tex/latex/beamer/beamerbaseoptions.sty
(/usr/share/texmf-dist/tex/latex/graphics/keyval.sty
Package: keyval 2014/10/28 v1.15 key=value parser (DPC)
\KV@toks@=\toks14
))
\beamer@paperwidth=\skip42
\beamer@paperheight=\skip43

(/usr/share/texmf-dist/tex/latex/geometry/geometry.sty
Package: geometry 2018/04/16 v5.8 Page Geometry

(/usr/share/texmf-dist/tex/generic/oberdiek/ifvtex.sty
Package: ifvtex 2016/05/16 v1.6 Detect VTeX and its facilities (HO)
Package ifvtex Info: VTeX not detected.
)
(/usr/share/texmf-dist/tex/generic/ifxetex/ifxetex.sty
Package: ifxetex 2010/09/12 v0.6 Provides ifxetex conditional
)
\Gm@cnth=\count105
\Gm@cntv=\count106
\c@Gm@tempcnt=\count107
\Gm@bindingoffset=\dimen118
\Gm@wd@mp=\dimen119
\Gm@odd@mp=\dimen120
\Gm@even@mp=\dimen121
\Gm@layoutwidth=\dimen122
\Gm@layoutheight=\dimen123
\Gm@layouthoffset=\dimen124
\Gm@layoutvoffset=\dimen125
\Gm@dimlist=\toks15
)
(/usr/share/texmf-dist/tex/latex/base/size11.clo
File: size11.clo 2018/09/03 v1.4i Standard LaTeX file (size option)
)
(/usr/share/texmf-dist/tex/latex/pgf/basiclayer/pgfcore.sty
(/usr/share/texmf-dist/tex/latex/graphics/graphicx.sty
Package: graphicx 2017/06/01 v1.1a Enhanced LaTeX Graphics (DPC,SPQR)

(/usr/share/texmf-dist/tex/latex/graphics/graphics.sty
Package: graphics 2017/06/25 v1.2c Standard LaTeX Graphics (DPC,SPQR)

(/usr/share/texmf-dist/tex/latex/graphics/trig.sty
Package: trig 2016/01/03 v1.10 sin cos tan (DPC)
)
(/usr/share/texmf-dist/tex/latex/graphics-cfg/graphics.cfg
File: graphics.cfg 2016/06/04 v1.11 sample graphics configuration
)
Package graphics Info: Driver file: pdftex.def on input line 99.

(/usr/share/texmf-dist/tex/latex/graphics-def/pdftex.def
File: pdftex.def 2018/01/08 v1.0l Graphics/color driver for pdftex
))
\Gin@req@height=\dimen126
\Gin@req@width=\dimen127
)
(/usr/share/texmf-dist/tex/latex/pgf/systemlayer/pgfsys.sty
(/usr/share/texmf-dist/tex/latex/pgf/utilities/pgfrcs.sty
(/usr/share/texmf-dist/tex/generic/pgf/utilities/pgfutil-common.tex
\pgfutil@everybye=\toks16
\pgfutil@tempdima=\dimen128
\pgfutil@tempdimb=\dimen129

(/usr/share/texmf-dist/tex/generic/pgf/utilities/pgfutil-common-lists.tex))
(/usr/share/texmf-dist/tex/generic/pgf/utilities/pgfutil-latex.def
\pgfutil@abb=\box35

(/usr/share/texmf-dist/tex/latex/ms/everyshi.sty
Package: everyshi 2001/05/15 v3.00 EveryShipout Package (MS)
))
(/usr/share/texmf-dist/tex/generic/pgf/utilities/pgfrcs.code.tex
(/usr/share/texmf-dist/tex/generic/pgf/pgf.revision.tex)
Package: pgfrcs 2019/02/02 v3.1.1 (3.1.1)
))
(/usr/share/texmf-dist/tex/generic/pgf/systemlayer/pgfsys.code.tex
Package: pgfsys 2019/02/02 v3.1.1 (3.1.1)

(/usr/share/texmf-dist/tex/generic/pgf/utilities/pgfkeys.code.tex
\pgfkeys@pathtoks=\toks17
\pgfkeys@temptoks=\toks18

(/usr/share/texmf-dist/tex/generic/pgf/utilities/pgfkeysfiltered.code.tex
\pgfkeys@tmptoks=\toks19
))
\pgf@x=\dimen130
\pgf@y=\dimen131
\pgf@xa=\dimen132
\pgf@ya=\dimen133
\pgf@xb=\dimen134
\pgf@yb=\dimen135
\pgf@xc=\dimen136
\pgf@yc=\dimen137
\w@pgf@writea=\write3
\r@pgf@reada=\read1
\c@pgf@counta=\count108
\c@pgf@countb=\count109
\c@pgf@countc=\count110
\c@pgf@countd=\count111
\t@pgf@toka=\toks20
\t@pgf@tokb=\toks21
\t@pgf@tokc=\toks22
\pgf@sys@id@count=\count112

(/usr/share/texmf-dist/tex/generic/pgf/systemlayer/pgf.cfg
File: pgf.cfg 2019/02/02 v3.1.1 (3.1.1)
)
Driver file for pgf: pgfsys-pdftex.def

(/usr/share/texmf-dist/tex/generic/pgf/systemlayer/pgfsys-pdftex.def
File: pgfsys-pdftex.def 2019/02/02 v3.1.1 (3.1.1)

(/usr/share/texmf-dist/tex/generic/pgf/systemlayer/pgfsys-common-pdf.def
File: pgfsys-common-pdf.def 2019/02/02 v3.1.1 (3.1.1)
)))
(/usr/share/texmf-dist/tex/generic/pgf/systemlayer/pgfsyssoftpath.code.tex
File: pgfsyssoftpath.code.tex 2019/02/02 v3.1.1 (3.1.1)
\pgfsyssoftpath@smallbuffer@items=\count113
\pgfsyssoftpath@bigbuffer@items=\count114
)
(/usr/share/texmf-dist/tex/generic/pgf/systemlayer/pgfsysprotocol.code.tex
File: pgfsysprotocol.code.tex 2019/02/02 v3.1.1 (3.1.1)
))
(/usr/share/texmf-dist/tex/latex/xcolor/xcolor.sty
Package: xcolor 2016/05/11 v2.12 LaTeX color extensions (UK)

(/usr/share/texmf-dist/tex/latex/graphics-cfg/color.cfg
File: color.cfg 2016/01/02 v1.6 sample color configuration
)
Package xcolor Info: Driver file: pdftex.def on input line 225.
Package xcolor Info: Model `cmy' substituted by `cmy0' on input line 1348.
Package xcolor Info: Model `hsb' substituted by `rgb' on input line 1352.
Package xcolor Info: Model `RGB' extended on input line 1364.
Package xcolor Info: Model `HTML' substituted by `rgb' on input line 1366.
Package xcolor Info: Model `Hsb' substituted by `hsb' on input line 1367.
Package xcolor Info: Model `tHsb' substituted by `hsb' on input line 1368.
Package xcolor Info: Model `HSB' substituted by `hsb' on input line 1369.
Package xcolor Info: Model `Gray' substituted by `gray' on input line 1370.
Package xcolor Info: Model `wave' substituted by `hsb' on input line 1371.
)
(/usr/share/texmf-dist/tex/generic/pgf/basiclayer/pgfcore.code.tex
Package: pgfcore 2019/02/02 v3.1.1 (3.1.1)

(/usr/share/texmf-dist/tex/generic/pgf/math/pgfmath.code.tex
(/usr/share/texmf-dist/tex/generic/pgf/math/pgfmathcalc.code.tex
(/usr/share/texmf-dist/tex/generic/pgf/math/pgfmathutil.code.tex)
(/usr/share/texmf-dist/tex/generic/pgf/math/pgfmathparser.code.tex
\pgfmath@dimen=\dimen138
\pgfmath@count=\count115
\pgfmath@box=\box36
\pgfmath@toks=\toks23
\pgfmath@stack@operand=\toks24
\pgfmath@stack@operation=\toks25
)
(/usr/share/texmf-dist/tex/generic/pgf/math/pgfmathfunctions.code.tex
(/usr/share/texmf-dist/tex/generic/pgf/math/pgfmathfunctions.basic.code.tex)
(/usr/share/texmf-dist/tex/generic/pgf/math/pgfmathfunctions.trigonometric.code
.tex)
(/usr/share/texmf-dist/tex/generic/pgf/math/pgfmathfunctions.random.code.tex)
(/usr/share/texmf-dist/tex/generic/pgf/math/pgfmathfunctions.comparison.code.te
x) (/usr/share/texmf-dist/tex/generic/pgf/math/pgfmathfunctions.base.code.tex)
(/usr/share/texmf-dist/tex/generic/pgf/math/pgfmathfunctions.round.code.tex)
(/usr/share/texmf-dist/tex/generic/pgf/math/pgfmathfunctions.misc.code.tex)
(/usr/share/texmf-dist/tex/generic/pgf/math/pgfmathfunctions.integerarithmetics
.code.tex))) (/usr/share/texmf-dist/tex/generic/pgf/math/pgfmathfloat.code.tex
\c@pgfmathroundto@lastzeros=\count116
)) (/usr/share/texmf-dist/tex/generic/pgf/basiclayer/pgfcorepoints.code.tex
File: pgfcorepoints.code.tex 2019/02/02 v3.1.1 (3.1.1)
\pgf@picminx=\dimen139
\pgf@picmaxx=\dimen140
\pgf@picminy=\dimen141
\pgf@picmaxy=\dimen142
\pgf@pathminx=\dimen143
\pgf@pathmaxx=\dimen144
\pgf@pathminy=\dimen145
\pgf@pathmaxy=\dimen146
\pgf@xx=\dimen147
\pgf@xy=\dimen148
\pgf@yx=\dimen149
\pgf@yy=\dimen150
\pgf@zx=\dimen151
\pgf@zy=\dimen152
)
(/usr/share/texmf-dist/tex/generic/pgf/basiclayer/pgfcorepathconstruct.code.tex
File: pgfcorepathconstruct.code.tex 2019/02/02 v3.1.1 (3.1.1)
\pgf@path@lastx=\dimen153
\pgf@path@lasty=\dimen154
) (/usr/share/texmf-dist/tex/generic/pgf/basiclayer/pgfcorepathusage.code.tex
File: pgfcorepathusage.code.tex 2019/02/02 v3.1.1 (3.1.1)
\pgf@shorten@end@additional=\dimen155
\pgf@shorten@start@additional=\dimen156
)
(/usr/share/texmf-dist/tex/generic/pgf/basiclayer/pgfcorescopes.code.tex
File: pgfcorescopes.code.tex 2019/02/02 v3.1.1 (3.1.1)
\pgfpic=\box37
\pgf@hbox=\box38
\pgf@layerbox@main=\box39
\pgf@picture@serial@count=\count117
)
(/usr/share/texmf-dist/tex/generic/pgf/basiclayer/pgfcoregraphicstate.code.tex
File: pgfcoregraphicstate.code.tex 2019/02/02 v3.1.1 (3.1.1)
\pgflinewidth=\dimen157
)
(/usr/share/texmf-dist/tex/generic/pgf/basiclayer/pgfcoretransformations.code.t
ex
File: pgfcoretransformations.code.tex 2019/02/02 v3.1.1 (3.1.1)
\pgf@pt@x=\dimen158
\pgf@pt@y=\dimen159
\pgf@pt@temp=\dimen160
) (/usr/share/texmf-dist/tex/generic/pgf/basiclayer/pgfcorequick.code.tex
File: pgfcorequick.code.tex 2019/02/02 v3.1.1 (3.1.1)
)
(/usr/share/texmf-dist/tex/generic/pgf/basiclayer/pgfcoreobjects.code.tex
File: pgfcoreobjects.code.tex 2019/02/02 v3.1.1 (3.1.1)
)
(/usr/share/texmf-dist/tex/generic/pgf/basiclayer/pgfcorepathprocessing.code.te
x
File: pgfcorepathprocessing.code.tex 2019/02/02 v3.1.1 (3.1.1)
) (/usr/share/texmf-dist/tex/generic/pgf/basiclayer/pgfcorearrows.code.tex
File: pgfcorearrows.code.tex 2019/02/02 v3.1.1 (3.1.1)
\pgfarrowsep=\dimen161
)
(/usr/share/texmf-dist/tex/generic/pgf/basiclayer/pgfcoreshade.code.tex
File: pgfcoreshade.code.tex 2019/02/02 v3.1.1 (3.1.1)
\pgf@max=\dimen162
\pgf@sys@shading@range@num=\count118
)
(/usr/share/texmf-dist/tex/generic/pgf/basiclayer/pgfcoreimage.code.tex
File: pgfcoreimage.code.tex 2019/02/02 v3.1.1 (3.1.1)

(/usr/share/texmf-dist/tex/generic/pgf/basiclayer/pgfcoreexternal.code.tex
File: pgfcoreexternal.code.tex 2019/02/02 v3.1.1 (3.1.1)
\pgfexternal@startupbox=\box40
))
(/usr/share/texmf-dist/tex/generic/pgf/basiclayer/pgfcorelayers.code.tex
File: pgfcorelayers.code.tex 2019/02/02 v3.1.1 (3.1.1)
)
(/usr/share/texmf-dist/tex/generic/pgf/basiclayer/pgfcoretransparency.code.tex
File: pgfcoretransparency.code.tex 2019/02/02 v3.1.1 (3.1.1)
) (/usr/share/texmf-dist/tex/generic/pgf/basiclayer/pgfcorepatterns.code.tex
File: pgfcorepatterns.code.tex 2019/02/02 v3.1.1 (3.1.1)
)
(/usr/share/texmf-dist/tex/generic/pgf/basiclayer/pgfcorerdf.code.tex
File: pgfcorerdf.code.tex 2019/02/02 v3.1.1 (3.1.1)
)))
(/usr/share/texmf-dist/tex/latex/pgf/utilities/xxcolor.sty
Package: xxcolor 2003/10/24 ver 0.1
\XC@nummixins=\count119
\XC@countmixins=\count120
)
(/usr/share/texmf-dist/tex/generic/oberdiek/atbegshi.sty
Package: atbegshi 2016/06/09 v1.18 At begin shipout hook (HO)

(/usr/share/texmf-dist/tex/generic/oberdiek/infwarerr.sty
Package: infwarerr 2016/05/16 v1.4 Providing info/warning/error messages (HO)
)
(/usr/share/texmf-dist/tex/generic/oberdiek/ltxcmds.sty
Package: ltxcmds 2016/05/16 v1.23 LaTeX kernel commands for general use (HO)
))
(/usr/share/texmf-dist/tex/latex/hyperref/hyperref.sty
Package: hyperref 2018/11/30 v6.88e Hypertext links for LaTeX

(/usr/share/texmf-dist/tex/generic/oberdiek/hobsub-hyperref.sty
Package: hobsub-hyperref 2016/05/16 v1.14 Bundle oberdiek, subset hyperref (HO)


(/usr/share/texmf-dist/tex/generic/oberdiek/hobsub-generic.sty
Package: hobsub-generic 2016/05/16 v1.14 Bundle oberdiek, subset generic (HO)
Package: hobsub 2016/05/16 v1.14 Construct package bundles (HO)
Package hobsub Info: Skipping package `infwarerr' (already loaded).
Package hobsub Info: Skipping package `ltxcmds' (already loaded).
Package: ifluatex 2016/05/16 v1.4 Provides the ifluatex switch (HO)
Package ifluatex Info: LuaTeX not detected.
Package hobsub Info: Skipping package `ifvtex' (already loaded).
Package: intcalc 2016/05/16 v1.2 Expandable calculations with integers (HO)
Package hobsub Info: Skipping package `ifpdf' (already loaded).
Package: etexcmds 2016/05/16 v1.6 Avoid name clashes with e-TeX commands (HO)
Package: kvsetkeys 2016/05/16 v1.17 Key value parser (HO)
Package: kvdefinekeys 2016/05/16 v1.4 Define keys (HO)
Package: pdftexcmds 2018/09/10 v0.29 Utility functions of pdfTeX for LuaTeX (HO
)
Package pdftexcmds Info: LuaTeX not detected.
Package pdftexcmds Info: \pdf@primitive is available.
Package pdftexcmds Info: \pdf@ifprimitive is available.
Package pdftexcmds Info: \pdfdraftmode found.
Package: pdfescape 2016/05/16 v1.14 Implements pdfTeX's escape features (HO)
Package: bigintcalc 2016/05/16 v1.4 Expandable calculations on big integers (HO
)
Package: bitset 2016/05/16 v1.2 Handle bit-vector datatype (HO)
Package: uniquecounter 2016/05/16 v1.3 Provide unlimited unique counter (HO)
)
Package hobsub Info: Skipping package `hobsub' (already loaded).
Package: letltxmacro 2016/05/16 v1.5 Let assignment for LaTeX macros (HO)
Package: hopatch 2016/05/16 v1.3 Wrapper for package hooks (HO)
Package: xcolor-patch 2016/05/16 xcolor patch
Package: atveryend 2016/05/16 v1.9 Hooks at the very end of document (HO)
Package hobsub Info: Skipping package `atbegshi' (already loaded).
Package: refcount 2016/05/16 v3.5 Data extraction from label references (HO)
Package: hycolor 2016/05/16 v1.8 Color options for hyperref/bookmark (HO)
)
(/usr/share/texmf-dist/tex/latex/oberdiek/auxhook.sty
Package: auxhook 2016/05/16 v1.4 Hooks for auxiliary files (HO)
)
(/usr/share/texmf-dist/tex/latex/oberdiek/kvoptions.sty
Package: kvoptions 2016/05/16 v3.12 Key value format for package options (HO)
)
\@linkdim=\dimen163
\Hy@linkcounter=\count121
\Hy@pagecounter=\count122

(/usr/share/texmf-dist/tex/latex/hyperref/pd1enc.def
File: pd1enc.def 2018/11/30 v6.88e Hyperref: PDFDocEncoding definition (HO)
Now handling font encoding PD1 ...
... no UTF-8 mapping file for font encoding PD1
)
\Hy@SavedSpaceFactor=\count123

(/usr/share/texmf-dist/tex/latex/latexconfig/hyperref.cfg
File: hyperref.cfg 2002/06/06 v1.2 hyperref configuration of TeXLive
)
Package hyperref Info: Option `bookmarks' set `true' on input line 4393.
Package hyperref Info: Option `bookmarksopen' set `true' on input line 4393.
Package hyperref Info: Option `implicit' set `false' on input line 4393.
Package hyperref Info: Hyper figures OFF on input line 4519.
Package hyperref Info: Link nesting OFF on input line 4524.
Package hyperref Info: Hyper index ON on input line 4527.
Package hyperref Info: Plain pages OFF on input line 4534.
Package hyperref Info: Backreferencing OFF on input line 4539.
Package hyperref Info: Implicit mode OFF; no redefinition of LaTeX internals.
Package hyperref Info: Bookmarks ON on input line 4772.
\c@Hy@tempcnt=\count124

(/usr/share/texmf-dist/tex/latex/url/url.sty
\Urlmuskip=\muskip10
Package: url 2013/09/16  ver 3.4  Verb mode for urls, etc.
)
LaTeX Info: Redefining \url on input line 5125.
\XeTeXLinkMargin=\dimen164
\Fld@menulength=\count125
\Field@Width=\dimen165
\Fld@charsize=\dimen166
Package hyperref Info: Hyper figures OFF on input line 6380.
Package hyperref Info: Link nesting OFF on input line 6385.
Package hyperref Info: Hyper index ON on input line 6388.
Package hyperref Info: backreferencing OFF on input line 6395.
Package hyperref Info: Link coloring OFF on input line 6400.
Package hyperref Info: Link coloring with OCG OFF on input line 6405.
Package hyperref Info: PDF/A mode OFF on input line 6410.
LaTeX Info: Redefining \ref on input line 6450.
LaTeX Info: Redefining \pageref on input line 6454.
\Hy@abspage=\count126


Package hyperref Message: Stopped early.

)
Package hyperref Info: Driver (autodetected): hpdftex.
 (/usr/share/texmf-dist/tex/latex/hyperref/hpdftex.def
File: hpdftex.def 2018/11/30 v6.88e Hyperref driver for pdfTeX
\Fld@listcount=\count127
\c@bookmark@seq@number=\count128

(/usr/share/texmf-dist/tex/latex/oberdiek/rerunfilecheck.sty
Package: rerunfilecheck 2016/05/16 v1.8 Rerun checks for auxiliary files (HO)
Package uniquecounter Info: New unique counter `rerunfilecheck' on input line 2
82.
))
(/usr/share/texmf-dist/tex/latex/beamer/beamerbaserequires.sty
(/usr/share/texmf-dist/tex/latex/beamer/beamerbasecompatibility.sty)
(/usr/share/texmf-dist/tex/latex/beamer/beamerbasefont.sty
(/usr/share/texmf-dist/tex/latex/amsfonts/amssymb.sty
Package: amssymb 2013/01/14 v3.01 AMS font symbols

(/usr/share/texmf-dist/tex/latex/amsfonts/amsfonts.sty
Package: amsfonts 2013/01/14 v3.01 Basic AMSFonts support
\@emptytoks=\toks26
\symAMSa=\mathgroup4
\symAMSb=\mathgroup5
LaTeX Font Info:    Overwriting math alphabet `\mathfrak' in version `bold'
(Font)                  U/euf/m/n --> U/euf/b/n on input line 106.
))
(/usr/share/texmf-dist/tex/latex/sansmathaccent/sansmathaccent.sty
Package: sansmathaccent 2013/03/28

(/usr/share/texmf-dist/tex/latex/filehook/filehook.sty
Package: filehook 2011/10/12 v0.5d Hooks for input files
)))
(/usr/share/texmf-dist/tex/latex/beamer/beamerbasetranslator.sty
(/usr/share/texmf-dist/tex/latex/translator/translator.sty
Package: translator 2018/01/04 v1.12 Easy translation of strings in LaTeX
))
(/usr/share/texmf-dist/tex/latex/beamer/beamerbasemisc.sty)
(/usr/share/texmf-dist/tex/latex/beamer/beamerbasetwoscreens.sty)
(/usr/share/texmf-dist/tex/latex/beamer/beamerbaseoverlay.sty
\beamer@argscount=\count129
\beamer@lastskipcover=\skip44
\beamer@trivlistdepth=\count130
)
(/usr/share/texmf-dist/tex/latex/beamer/beamerbasetitle.sty)
(/usr/share/texmf-dist/tex/latex/beamer/beamerbasesection.sty
\c@lecture=\count131
\c@part=\count132
\c@section=\count133
\c@subsection=\count134
\c@subsubsection=\count135
)
(/usr/share/texmf-dist/tex/latex/beamer/beamerbaseframe.sty
\beamer@framebox=\box41
\beamer@frametitlebox=\box42
\beamer@zoombox=\box43
\beamer@zoomcount=\count136
\beamer@zoomframecount=\count137
\beamer@frametextheight=\dimen167
\c@subsectionslide=\count138
\beamer@frametopskip=\skip45
\beamer@framebottomskip=\skip46
\beamer@frametopskipautobreak=\skip47
\beamer@framebottomskipautobreak=\skip48
\beamer@envbody=\toks27
\framewidth=\dimen168
\c@framenumber=\count139
)
(/usr/share/texmf-dist/tex/latex/beamer/beamerbaseverbatim.sty
\beamer@verbatimfileout=\write4
)
(/usr/share/texmf-dist/tex/latex/beamer/beamerbaseframesize.sty
\beamer@splitbox=\box44
\beamer@autobreakcount=\count140
\beamer@autobreaklastheight=\dimen169
\beamer@frametitletoks=\toks28
\beamer@framesubtitletoks=\toks29
)
(/usr/share/texmf-dist/tex/latex/beamer/beamerbaseframecomponents.sty
\beamer@footins=\box45
)
(/usr/share/texmf-dist/tex/latex/beamer/beamerbasecolor.sty)
(/usr/share/texmf-dist/tex/latex/beamer/beamerbasenotes.sty
\beamer@frameboxcopy=\box46
)
(/usr/share/texmf-dist/tex/latex/beamer/beamerbasetoc.sty)
(/usr/share/texmf-dist/tex/latex/beamer/beamerbasetemplates.sty
\beamer@sbttoks=\toks30

(/usr/share/texmf-dist/tex/latex/beamer/beamerbaseauxtemplates.sty
(/usr/share/texmf-dist/tex/latex/beamer/beamerbaseboxes.sty
\bmb@box=\box47
\bmb@colorbox=\box48
\bmb@boxshadow=\box49
\bmb@boxshadowball=\box50
\bmb@boxshadowballlarge=\box51
\bmb@temp=\dimen170
\bmb@dima=\dimen171
\bmb@dimb=\dimen172
\bmb@prevheight=\dimen173
)
\beamer@blockheadheight=\dimen174
))
(/usr/share/texmf-dist/tex/latex/beamer/beamerbaselocalstructure.sty
(/usr/share/texmf-dist/tex/latex/tools/enumerate.sty
Package: enumerate 2015/07/23 v3.00 enumerate extensions (DPC)
\@enLab=\toks31
)
\c@figure=\count141
\c@table=\count142
\abovecaptionskip=\skip49
\belowcaptionskip=\skip50
)
(/usr/share/texmf-dist/tex/latex/beamer/beamerbasenavigation.sty
\beamer@section@min@dim=\dimen175
)
(/usr/share/texmf-dist/tex/latex/beamer/beamerbasetheorems.sty
(/usr/share/texmf-dist/tex/latex/amsmath/amsmath.sty
Package: amsmath 2018/12/01 v2.17b AMS math features
\@mathmargin=\skip51

For additional information on amsmath, use the `?' option.
(/usr/share/texmf-dist/tex/latex/amsmath/amstext.sty
Package: amstext 2000/06/29 v2.01 AMS text

(/usr/share/texmf-dist/tex/latex/amsmath/amsgen.sty
File: amsgen.sty 1999/11/30 v2.0 generic functions
\@emptytoks=\toks32
\ex@=\dimen176
))
(/usr/share/texmf-dist/tex/latex/amsmath/amsbsy.sty
Package: amsbsy 1999/11/29 v1.2d Bold Symbols
\pmbraise@=\dimen177
)
(/usr/share/texmf-dist/tex/latex/amsmath/amsopn.sty
Package: amsopn 2016/03/08 v2.02 operator names
)
\inf@bad=\count143
LaTeX Info: Redefining \frac on input line 223.
\uproot@=\count144
\leftroot@=\count145
LaTeX Info: Redefining \overline on input line 385.
\classnum@=\count146
\DOTSCASE@=\count147
LaTeX Info: Redefining \ldots on input line 482.
LaTeX Info: Redefining \dots on input line 485.
LaTeX Info: Redefining \cdots on input line 606.
\Mathstrutbox@=\box52
\strutbox@=\box53
\big@size=\dimen178
LaTeX Font Info:    Redeclaring font encoding OML on input line 729.
LaTeX Font Info:    Redeclaring font encoding OMS on input line 730.
\macc@depth=\count148
\c@MaxMatrixCols=\count149
\dotsspace@=\muskip11
\c@parentequation=\count150
\dspbrk@lvl=\count151
\tag@help=\toks33
\row@=\count152
\column@=\count153
\maxfields@=\count154
\andhelp@=\toks34
\eqnshift@=\dimen179
\alignsep@=\dimen180
\tagshift@=\dimen181
\tagwidth@=\dimen182
\totwidth@=\dimen183
\lineht@=\dimen184
\@envbody=\toks35
\multlinegap=\skip52
\multlinetaggap=\skip53
\mathdisplay@stack=\toks36
LaTeX Info: Redefining \[ on input line 2844.
LaTeX Info: Redefining \] on input line 2845.
)
(/usr/share/texmf-dist/tex/latex/amscls/amsthm.sty
Package: amsthm 2017/10/31 v2.20.4
\thm@style=\toks37
\thm@bodyfont=\toks38
\thm@headfont=\toks39
\thm@notefont=\toks40
\thm@headpunct=\toks41
\thm@preskip=\skip54
\thm@postskip=\skip55
\thm@headsep=\skip56
\dth@everypar=\toks42
)
\c@theorem=\count155
)
(/usr/share/texmf-dist/tex/latex/beamer/beamerbasethemes.sty))
(/usr/share/texmf-dist/tex/latex/beamer/beamerthemedefault.sty
(/usr/share/texmf-dist/tex/latex/beamer/beamerfontthemedefault.sty)
(/usr/share/texmf-dist/tex/latex/beamer/beamercolorthemedefault.sty)
(/usr/share/texmf-dist/tex/latex/beamer/beamerinnerthemedefault.sty
\beamer@dima=\dimen185
\beamer@dimb=\dimen186
)
(/usr/share/texmf-dist/tex/latex/beamer/beamerouterthemedefault.sty)))
(./templates/beamerthemekitwide.sty (./templates/beamerthemekitbase.sty
(/usr/share/texmf-dist/tex/generic/babel/babel.sty
Package: babel 2019/04/03 3.29 The Babel package

(/usr/share/texmf-dist/tex/generic/babel/switch.def
File: switch.def 2019/04/03 3.29 Babel switching mechanism
)
(/usr/share/texmf-dist/tex/generic/babel-english/english.ldf
Language: english 2017/06/06 v3.3r English support from the babel system

(/usr/share/texmf-dist/tex/generic/babel/babel.def
File: babel.def 2019/04/03 3.29 Babel common definitions
\babel@savecnt=\count156
\U@D=\dimen187

(/usr/share/texmf-dist/tex/generic/babel/txtbabel.def)
LaTeX Info: Redefining \textlatin on input line 2011.
\bbl@dirlevel=\count157
)
\l@canadian = a dialect from \language\l@american 
\l@australian = a dialect from \language\l@british 
\l@newzealand = a dialect from \language\l@british 
)
(/usr/share/texmf-dist/tex/generic/babel-german/ngerman.ldf
Language: ngerman 2018/12/08 v2.11 German support for babel (post-1996 orthogra
phy)

(/usr/share/texmf-dist/tex/generic/babel-german/ngermanb.ldf
Language: ngermanb 2018/12/08 v2.11 German support for babel (post-1996 orthogr
aphy)
Package babel Info: Making " an active character on input line 121.
)))
(/usr/share/texmf-dist/tex/latex/base/ifthen.sty
Package: ifthen 2014/09/29 v1.1c Standard LaTeX ifthen package (DPC)
)
(/usr/share/texmf-dist/tex/latex/textpos/textpos.sty
Package: textpos 2016/06/07 v1.8

Package: textpos 2016/06/07 1.8, absolute positioning of text on the page
\TP@textbox=\box54
\TP@holdbox=\box55
\TPHorizModule=\dimen188
\TPVertModule=\dimen189
\TP@margin=\dimen190
\TP@absmargin=\dimen191
Grid set 16 x 16 = 22.7622pt x 17.07166pt
\TPboxrulesize=\dimen192
\TP@ox=\dimen193
\TP@oy=\dimen194
\TP@tbargs=\toks43
\TP@prevdepth=\dimen195
TextBlockOrigin set to 0pt x 0pt
) (./templates/semirounded.sty)
(/usr/share/texmf-dist/tex/latex/overpic/overpic.sty
Package: overpic 2018/09/02 1.2 picture overlays (RN)

(/usr/share/texmf-dist/tex/latex/eepic/epic.sty
Enhancements to Picture Environment. Version 1.2 - Released June 1, 1986
\@@multicnt=\count158
\d@lta=\count159
\@delta=\dimen196
\@@delta=\dimen197
\@gridcnt=\count160
\@joinkind=\count161
\@dotgap=\dimen198
\@ddotgap=\dimen199
\@x@diff=\count162
\@y@diff=\count163
\x@diff=\dimen256
\y@diff=\dimen257
\@dotbox=\box56
\num@segments=\count164
\num@segmentsi=\count165
\@datafile=\read2
)
\OVP@box=\box57
) (/usr/share/texmf-dist/tex/latex/psnfss/helvet.sty
Package: helvet 2005/04/12 PSNFSS-v9.2a (WaS) 
)
(/usr/share/texmf-dist/tex/latex/beamer/beamerinnerthemerounded.sty)
(./templates/beamercolorthemekit.sty
\GPT@outputbox=\box58
))
(/usr/share/texmf-dist/tex/latex/beamer/beamerouterthemesidebar.sty
\beamer@sidebarwidth=\dimen258
\beamer@headheight=\dimen259
LaTeX Font Info:    Try loading font information for OT1+phv on input line 17.

(/usr/share/texmf-dist/tex/latex/psnfss/ot1phv.fd
File: ot1phv.fd 2001/06/04 scalable font definitions for OT1/phv.
)
LaTeX Font Info:    Font shape `OT1/phv/m/n' will be
(Font)              scaled to size 13.24796pt on input line 17.
)
\kitbottom=\skip57
)
(/usr/share/texmf-dist/tex/latex/base/inputenc.sty
Package: inputenc 2018/08/11 v1.3c Input encoding file
\inpenc@prehook=\toks44
\inpenc@posthook=\toks45
)
(/usr/share/texmf-dist/tex/latex/minted/minted.sty
Package: minted 2017/07/19 v2.5 Yet another Pygments shim for LaTeX

(/usr/share/texmf-dist/tex/latex/fvextra/fvextra.sty
Package: fvextra 2019/02/04 v1.4 fvextra - extensions and patches for fancyvrb

(/usr/share/texmf-dist/tex/latex/fancyvrb/fancyvrb.sty
Package: fancyvrb 2019/01/15

Style option: `fancyvrb' v3.2a <2019/01/15> (tvz)
\FV@CodeLineNo=\count166
\FV@InFile=\read3
\FV@TabBox=\box59
\c@FancyVerbLine=\count167
\FV@StepNumber=\count168
\FV@OutFile=\write5
)
(/usr/share/texmf-dist/tex/latex/upquote/upquote.sty
Package: upquote 2012/04/19 v1.3 upright-quote and grave-accent glyphs in verba
tim
)
(/usr/share/texmf-dist/tex/latex/lineno/lineno.sty
Package: lineno 2005/11/02 line numbers on paragraphs v4.41
\linenopenalty=\count169
\output=\toks46
\linenoprevgraf=\count170
\linenumbersep=\dimen260
\linenumberwidth=\dimen261
\c@linenumber=\count171
\c@pagewiselinenumber=\count172
\c@LN@truepage=\count173
\c@internallinenumber=\count174
\c@internallinenumbers=\count175
\quotelinenumbersep=\dimen262
\bframerule=\dimen263
\bframesep=\dimen264
\bframebox=\box60
LaTeX Info: Redefining \\ on input line 3056.
)
\c@FV@TrueTabGroupLevel=\count176
\c@FV@TrueTabCounter=\count177
\FV@TabBox@Group=\box61
\FV@TmpLength=\skip58
\c@FV@HighlightLinesStart=\count178
\c@FV@HighlightLinesStop=\count179
\FV@LoopCount=\count180
\FV@NCharsBox=\box62
\FV@BreakIndent=\dimen265
\FV@BreakIndentNChars=\count181
\FV@BreakSymbolSepLeft=\dimen266
\FV@BreakSymbolSepLeftNChars=\count182
\FV@BreakSymbolSepRight=\dimen267
\FV@BreakSymbolSepRightNChars=\count183
\FV@BreakSymbolIndentLeft=\dimen268
\FV@BreakSymbolIndentLeftNChars=\count184
\FV@BreakSymbolIndentRight=\dimen269
\FV@BreakSymbolIndentRightNChars=\count185
\c@FancyVerbLineBreakLast=\count186
\FV@LineBox=\box63
\FV@LineIndentBox=\box64
\FV@LineWidth=\dimen270
)
(/usr/share/texmf-dist/tex/latex/tools/calc.sty
Package: calc 2017/05/25 v4.3 Infix arithmetic (KKT,FJ)
\calc@Acount=\count187
\calc@Bcount=\count188
\calc@Adimen=\dimen271
\calc@Bdimen=\dimen272
\calc@Askip=\skip59
\calc@Bskip=\skip60
LaTeX Info: Redefining \setlength on input line 80.
LaTeX Info: Redefining \addtolength on input line 81.
\calc@Ccount=\count189
\calc@Cskip=\skip61
)
(/usr/share/texmf-dist/tex/latex/tools/shellesc.sty
Package: shellesc 2016/06/07 v0.02a unified shell escape interface for LaTeX
Package shellesc Info: Unrestricted shell escape enabled on input line 67.
)
(/usr/share/texmf-dist/tex/latex/ifplatform/ifplatform.sty
Package: ifplatform 2017/10/13 v0.4a Testing for the operating system

(/usr/share/texmf-dist/tex/generic/oberdiek/catchfile.sty
Package: catchfile 2016/05/16 v1.7 Catch the contents of a file (HO)
)
runsystem(uname -s > "SDQ_vorlage_beamer.w18")...executed.


(./SDQ_vorlage_beamer.w18)
runsystem(rm -- "SDQ_vorlage_beamer.w18")...executed.

)
(/usr/share/texmf-dist/tex/generic/xstring/xstring.sty
(/usr/share/texmf-dist/tex/generic/xstring/xstring.tex
\integerpart=\count190
\decimalpart=\count191
)
Package: xstring 2019/02/06 v1.83 String manipulations (CT)
)
(/usr/share/texmf-dist/tex/latex/framed/framed.sty
Package: framed 2011/10/22 v 0.96: framed or shaded text with page breaks
\OuterFrameSep=\skip62
\fb@frw=\dimen273
\fb@frh=\dimen274
\FrameRule=\dimen275
\FrameSep=\dimen276
)
(/usr/share/texmf-dist/tex/latex/float/float.sty
Package: float 2001/11/08 v1.3d Float enhancements (AL)
\c@float@type=\count192
\float@exts=\toks47
\float@box=\box65
\@float@everytoks=\toks48
\@floatcapt=\box66
)
\minted@appexistsfile=\read4
\minted@bgbox=\box67
\minted@code=\write6
\c@minted@FancyVerbLineTemp=\count193
\c@minted@pygmentizecounter=\count194
\@float@every@listing=\toks49
\c@listing=\count195
)
runsystem(mkdir -p _minted-SDQ_vorlage_beamer)...executed.


(/usr/share/texmf-dist/tex/latex/biblatex/biblatex.sty
Package: biblatex 2018/11/02 v3.12 programmable bibliographies (PK/MW)

(/usr/share/texmf-dist/tex/latex/logreq/logreq.sty
Package: logreq 2010/08/04 v1.0 xml request logger
\lrq@indent=\count196

(/usr/share/texmf-dist/tex/latex/logreq/logreq.def
File: logreq.def 2010/08/04 v1.0 logreq spec v1.0
))
\c@tabx@nest=\count197
\c@listtotal=\count198
\c@listcount=\count199
\c@liststart=\count266
\c@liststop=\count267
\c@citecount=\count268
\c@citetotal=\count269
\c@multicitecount=\count270
\c@multicitetotal=\count271
\c@instcount=\count272
\c@maxnames=\count273
\c@minnames=\count274
\c@maxitems=\count275
\c@minitems=\count276
\c@citecounter=\count277
\c@maxcitecounter=\count278
\c@savedcitecounter=\count279
\c@uniquelist=\count280
\c@uniquename=\count281
\c@refsection=\count282
\c@refsegment=\count283
\c@maxextratitle=\count284
\c@maxextratitleyear=\count285
\c@maxextraname=\count286
\c@maxextradate=\count287
\c@maxextraalpha=\count288
\c@abbrvpenalty=\count289
\c@highnamepenalty=\count290
\c@lownamepenalty=\count291
\c@maxparens=\count292
\c@parenlevel=\count293
\blx@tempcnta=\count294
\blx@tempcntb=\count295
\blx@tempcntc=\count296
\blx@maxsection=\count297
\blx@maxsegment@0=\count298
\blx@notetype=\count299
\blx@parenlevel@text=\count300
\blx@parenlevel@foot=\count301
\blx@sectionciteorder@0=\count302
\blx@entrysetcounter=\count303
\labelnumberwidth=\skip63
\labelalphawidth=\skip64
\biblabelsep=\skip65
\bibitemsep=\skip66
\bibnamesep=\skip67
\bibinitsep=\skip68
\bibparsep=\skip69
\bibhang=\skip70
\blx@bcfin=\read5
\blx@bcfout=\write7
\c@mincomprange=\count304
\c@maxcomprange=\count305
\c@mincompwidth=\count306
Package biblatex Info: Trying to load biblatex default data model...
Package biblatex Info: ... file 'blx-dm.def' found.

(/usr/share/texmf-dist/tex/latex/biblatex/blx-dm.def
File: blx-dm.def 2018/11/02 v3.12 biblatex localization (PK/MW)
)
Package biblatex Info: Trying to load biblatex citestyle data model...
Package biblatex Info: ... file 'authoryear.dbx' not found.
Package biblatex Info: Trying to load biblatex bibstyle data model...
Package biblatex Info: ... file 'numeric.dbx' not found.
Package biblatex Info: Trying to load biblatex custom data model...
Package biblatex Info: ... file 'biblatex-dm.cfg' not found.
\c@afterword=\count307
\c@savedafterword=\count308
\c@annotator=\count309
\c@savedannotator=\count310
\c@author=\count311
\c@savedauthor=\count312
\c@bookauthor=\count313
\c@savedbookauthor=\count314
\c@commentator=\count315
\c@savedcommentator=\count316
\c@editor=\count317
\c@savededitor=\count318
\c@editora=\count319
\c@savededitora=\count320
\c@editorb=\count321
\c@savededitorb=\count322
\c@editorc=\count323
\c@savededitorc=\count324
\c@foreword=\count325
\c@savedforeword=\count326
\c@holder=\count327
\c@savedholder=\count328
\c@introduction=\count329
\c@savedintroduction=\count330
\c@namea=\count331
\c@savednamea=\count332
\c@nameb=\count333
\c@savednameb=\count334
\c@namec=\count335
\c@savednamec=\count336
\c@translator=\count337
\c@savedtranslator=\count338
\c@shortauthor=\count339
\c@savedshortauthor=\count340
\c@shorteditor=\count341
\c@savedshorteditor=\count342
\c@labelname=\count343
\c@savedlabelname=\count344
\c@institution=\count345
\c@savedinstitution=\count346
\c@lista=\count347
\c@savedlista=\count348
\c@listb=\count349
\c@savedlistb=\count350
\c@listc=\count351
\c@savedlistc=\count352
\c@listd=\count353
\c@savedlistd=\count354
\c@liste=\count355
\c@savedliste=\count356
\c@listf=\count357
\c@savedlistf=\count358
\c@location=\count359
\c@savedlocation=\count360
\c@organization=\count361
\c@savedorganization=\count362
\c@origlocation=\count363
\c@savedoriglocation=\count364
\c@origpublisher=\count365
\c@savedorigpublisher=\count366
\c@publisher=\count367
\c@savedpublisher=\count368
\c@language=\count369
\c@savedlanguage=\count370
\c@origlanguage=\count371
\c@savedoriglanguage=\count372
\c@pageref=\count373
\c@savedpageref=\count374
\shorthandwidth=\skip71
\shortjournalwidth=\skip72
\shortserieswidth=\skip73
\shorttitlewidth=\skip74
\shortauthorwidth=\skip75
\shorteditorwidth=\skip76
\locallabelnumberwidth=\skip77
\locallabelalphawidth=\skip78
\localshorthandwidth=\skip79
\localshortjournalwidth=\skip80
\localshortserieswidth=\skip81
\localshorttitlewidth=\skip82
\localshortauthorwidth=\skip83
\localshorteditorwidth=\skip84
Package biblatex Info: Trying to load compatibility code...
Package biblatex Info: ... file 'blx-compat.def' found.

(/usr/share/texmf-dist/tex/latex/biblatex/blx-compat.def
File: blx-compat.def 2018/11/02 v3.12 biblatex compatibility (PK/MW)
)
Package biblatex Info: Trying to load generic definitions...
Package biblatex Info: ... file 'biblatex.def' found.

(/usr/share/texmf-dist/tex/latex/biblatex/biblatex.def
File: biblatex.def 2018/11/02 v3.12 biblatex compatibility (PK/MW)
\c@textcitecount=\count375
\c@textcitetotal=\count376
\c@textcitemaxnames=\count377
\c@biburlnumpenalty=\count378
\c@biburlucpenalty=\count379
\c@biburllcpenalty=\count380
\c@smartand=\count381
)
Package biblatex Info: Trying to load bibliography style 'numeric'...
Package biblatex Info: ... file 'numeric.bbx' found.

(/usr/share/texmf-dist/tex/latex/biblatex/bbx/numeric.bbx
File: numeric.bbx 2018/11/02 v3.12 biblatex bibliography style (PK/MW)
Package biblatex Info: Trying to load bibliography style 'standard'...
Package biblatex Info: ... file 'standard.bbx' found.

(/usr/share/texmf-dist/tex/latex/biblatex/bbx/standard.bbx
File: standard.bbx 2018/11/02 v3.12 biblatex bibliography style (PK/MW)
\c@bbx:relatedcount=\count382
\c@bbx:relatedtotal=\count383
))
Package biblatex Info: Trying to load citation style 'authoryear'...
Package biblatex Info: ... file 'authoryear.cbx' found.

(/usr/share/texmf-dist/tex/latex/biblatex/cbx/authoryear.cbx
File: authoryear.cbx 2018/11/02 v3.12 biblatex citation style (PK/MW)
Package biblatex Info: Redefining '\cite'.
Package biblatex Info: Redefining '\parencite'.
Package biblatex Info: Redefining '\footcite'.
Package biblatex Info: Redefining '\footcitetext'.
Package biblatex Info: Redefining '\smartcite'.
Package biblatex Info: Redefining '\textcite'.
Package biblatex Info: Redefining '\textcites'.
)
Package biblatex Info: Trying to load configuration file...
Package biblatex Info: ... file 'biblatex.cfg' found.

(/usr/share/texmf-dist/tex/latex/biblatex/biblatex.cfg
File: biblatex.cfg 
))
runsystem(which pygmentize && touch SDQ_vorlage_beamer.aex)...executed.

runsystem(rm SDQ_vorlage_beamer.aex)...executed.

Package biblatex Info: Trying to load language 'ngerman'...
Package biblatex Info: ... file 'ngerman.lbx' found.

(/usr/share/texmf-dist/tex/latex/biblatex/lbx/ngerman.lbx
File: ngerman.lbx 2018/11/02 v3.12 biblatex localization (PK/MW)
Package biblatex Info: Trying to load language 'german'...
Package biblatex Info: ... file 'german.lbx' found.

(/usr/share/texmf-dist/tex/latex/biblatex/lbx/german.lbx
File: german.lbx 2018/11/02 v3.12 biblatex localization (PK/MW)
)
Package biblatex Info: Trying to load language 'german'...
Package biblatex Info: ... file 'german.lbx' found.

(/usr/share/texmf-dist/tex/latex/biblatex/lbx/german.lbx
File: german.lbx 2018/11/02 v3.12 biblatex localization (PK/MW)
))
Package biblatex Info: Trying to load language 'english'...
Package biblatex Info: ... file 'english.lbx' found.

(/usr/share/texmf-dist/tex/latex/biblatex/lbx/english.lbx
File: english.lbx 2018/11/02 v3.12 biblatex localization (PK/MW)
)

Package biblatex Warning: 'babel/polyglossia' detected but 'csquotes' missing.
(biblatex)                Loading 'csquotes' recommended.

\@quotelevel=\count384
\@quotereset=\count385
(./SDQ_vorlage_beamer.aux)
\openout1 = `SDQ_vorlage_beamer.aux'.

LaTeX Font Info:    Checking defaults for OML/cmm/m/it on input line 60.
LaTeX Font Info:    ... okay on input line 60.
LaTeX Font Info:    Checking defaults for T1/cmr/m/n on input line 60.
LaTeX Font Info:    ... okay on input line 60.
LaTeX Font Info:    Checking defaults for OT1/cmr/m/n on input line 60.
LaTeX Font Info:    ... okay on input line 60.
LaTeX Font Info:    Checking defaults for OMS/cmsy/m/n on input line 60.
LaTeX Font Info:    ... okay on input line 60.
LaTeX Font Info:    Checking defaults for OMX/cmex/m/n on input line 60.
LaTeX Font Info:    ... okay on input line 60.
LaTeX Font Info:    Checking defaults for U/cmr/m/n on input line 60.
LaTeX Font Info:    ... okay on input line 60.
LaTeX Font Info:    Checking defaults for PD1/pdf/m/n on input line 60.
LaTeX Font Info:    ... okay on input line 60.
LaTeX Font Info:    Font shape `OT1/phv/m/n' will be
(Font)              scaled to size 10.07397pt on input line 60.

*geometry* driver: auto-detecting
*geometry* detected driver: pdftex
*geometry* verbose mode - [ preamble ] result:
* driver: pdftex
* paper: custom
* layout: <same size as paper>
* layoutoffset:(h,v)=(0.0pt,0.0pt)
* modes: includehead includefoot 
* h-part:(L,W,R)=(87.35014pt, 335.45784pt, 14.22636pt)
* v-part:(T,H,B)=(0.0pt, 273.14662pt, 0.0pt)
* \paperwidth=437.03435pt
* \paperheight=273.14662pt
* \textwidth=335.45784pt
* \textheight=244.6939pt
* \oddsidemargin=15.08015pt
* \evensidemargin=15.08015pt
* \topmargin=-72.26999pt
* \headheight=14.22636pt
* \headsep=0.0pt
* \topskip=11.0pt
* \footskip=14.22636pt
* \marginparwidth=4.0pt
* \marginparsep=10.0pt
* \columnsep=10.0pt
* \skip\footins=10.0pt plus 4.0pt minus 2.0pt
* \hoffset=0.0pt
* \voffset=0.0pt
* \mag=1000
* \@twocolumnfalse
* \@twosidefalse
* \@mparswitchfalse
* \@reversemarginfalse
* (1in=72.27pt=25.4mm, 1cm=28.453pt)

(/usr/share/texmf-dist/tex/context/base/mkii/supp-pdf.mkii
[Loading MPS to PDF converter (version 2006.09.02).]
\scratchcounter=\count386
\scratchdimen=\dimen277
\scratchbox=\box68
\nofMPsegments=\count387
\nofMParguments=\count388
\everyMPshowfont=\toks50
\MPscratchCnt=\count389
\MPscratchDim=\dimen278
\MPnumerator=\count390
\makeMPintoPDFobject=\count391
\everyMPtoPDFconversion=\toks51
) (/usr/share/texmf-dist/tex/latex/oberdiek/epstopdf-base.sty
Package: epstopdf-base 2016/05/15 v2.6 Base part for package epstopdf

(/usr/share/texmf-dist/tex/latex/oberdiek/grfext.sty
Package: grfext 2016/05/16 v1.2 Manage graphics extensions (HO)
)
Package epstopdf-base Info: Redefining graphics rule for `.eps' on input line 4
38.
Package grfext Info: Graphics extension search list:
(grfext)             [.pdf,.png,.jpg,.mps,.jpeg,.jbig2,.jb2,.PDF,.PNG,.JPG,.JPE
G,.JBIG2,.JB2,.eps]
(grfext)             \AppendGraphicsExtensions on input line 456.

(/usr/share/texmf-dist/tex/latex/latexconfig/epstopdf-sys.cfg
File: epstopdf-sys.cfg 2010/07/13 v1.3 Configuration of (r)epstopdf for TeX Liv
e
))
ABD: EveryShipout initializing macros
\AtBeginShipoutBox=\box69
Package hyperref Info: Link coloring OFF on input line 60.

(/usr/share/texmf-dist/tex/latex/hyperref/nameref.sty
Package: nameref 2016/05/21 v2.44 Cross-referencing by name of section

(/usr/share/texmf-dist/tex/generic/oberdiek/gettitlestring.sty
Package: gettitlestring 2016/05/16 v1.5 Cleanup title references (HO)
)
\c@section@level=\count392
)
LaTeX Info: Redefining \ref on input line 60.
LaTeX Info: Redefining \pageref on input line 60.
LaTeX Info: Redefining \nameref on input line 60.

(./SDQ_vorlage_beamer.out) (./SDQ_vorlage_beamer.out)
\@outlinefile=\write8
\openout8 = `SDQ_vorlage_beamer.out'.

LaTeX Font Info:    Overwriting symbol font `operators' in version `normal'
(Font)                  OT1/cmr/m/n --> OT1/cmss/m/n on input line 60.
LaTeX Font Info:    Overwriting symbol font `operators' in version `bold'
(Font)                  OT1/cmr/bx/n --> OT1/cmss/bx/n on input line 60.
\symnumbers=\mathgroup6
\sympureletters=\mathgroup7
LaTeX Font Info:    Overwriting math alphabet `\mathrm' in version `normal'
(Font)                  OT1/cmss/m/n --> OT1/cmr/m/n on input line 60.
LaTeX Font Info:    Redeclaring math alphabet \mathbf on input line 60.
LaTeX Font Info:    Overwriting math alphabet `\mathbf' in version `normal'
(Font)                  OT1/cmr/bx/n --> OT1/phv/bx/n on input line 60.
LaTeX Font Info:    Overwriting math alphabet `\mathbf' in version `bold'
(Font)                  OT1/cmr/bx/n --> OT1/phv/bx/n on input line 60.
LaTeX Font Info:    Redeclaring math alphabet \mathsf on input line 60.
LaTeX Font Info:    Overwriting math alphabet `\mathsf' in version `normal'
(Font)                  OT1/cmss/m/n --> OT1/phv/m/n on input line 60.
LaTeX Font Info:    Overwriting math alphabet `\mathsf' in version `bold'
(Font)                  OT1/cmss/bx/n --> OT1/phv/m/n on input line 60.
LaTeX Font Info:    Redeclaring math alphabet \mathit on input line 60.
LaTeX Font Info:    Overwriting math alphabet `\mathit' in version `normal'
(Font)                  OT1/cmr/m/it --> OT1/phv/m/it on input line 60.
LaTeX Font Info:    Overwriting math alphabet `\mathit' in version `bold'
(Font)                  OT1/cmr/bx/it --> OT1/phv/m/it on input line 60.
LaTeX Font Info:    Redeclaring math alphabet \mathtt on input line 60.
LaTeX Font Info:    Overwriting math alphabet `\mathtt' in version `normal'
(Font)                  OT1/cmtt/m/n --> OT1/cmtt/m/n on input line 60.
LaTeX Font Info:    Overwriting math alphabet `\mathtt' in version `bold'
(Font)                  OT1/cmtt/m/n --> OT1/cmtt/m/n on input line 60.
LaTeX Font Info:    Overwriting symbol font `numbers' in version `bold'
(Font)                  OT1/phv/m/n --> OT1/phv/bx/n on input line 60.
LaTeX Font Info:    Overwriting symbol font `pureletters' in version `bold'
(Font)                  OT1/phv/m/it --> OT1/phv/bx/it on input line 60.
LaTeX Font Info:    Overwriting math alphabet `\mathrm' in version `bold'
(Font)                  OT1/cmss/bx/n --> OT1/cmr/bx/n on input line 60.
LaTeX Font Info:    Overwriting math alphabet `\mathbf' in version `bold'
(Font)                  OT1/phv/bx/n --> OT1/phv/bx/n on input line 60.
LaTeX Font Info:    Overwriting math alphabet `\mathsf' in version `bold'
(Font)                  OT1/phv/m/n --> OT1/phv/bx/n on input line 60.
LaTeX Font Info:    Overwriting math alphabet `\mathit' in version `bold'
(Font)                  OT1/phv/m/it --> OT1/phv/bx/it on input line 60.
LaTeX Font Info:    Overwriting math alphabet `\mathtt' in version `bold'
(Font)                  OT1/cmtt/m/n --> OT1/cmtt/bx/n on input line 60.

(/usr/share/texmf-dist/tex/latex/translator/translator-basic-dictionary-English
.dict
Dictionary: translator-basic-dictionary, Language: English 
)
(/usr/share/texmf-dist/tex/latex/translator/translator-bibliography-dictionary-
English.dict
Dictionary: translator-bibliography-dictionary, Language: English 
)
(/usr/share/texmf-dist/tex/latex/translator/translator-environment-dictionary-E
nglish.dict
Dictionary: translator-environment-dictionary, Language: English 
)
(/usr/share/texmf-dist/tex/latex/translator/translator-months-dictionary-Englis
h.dict
Dictionary: translator-months-dictionary, Language: English 
)
(/usr/share/texmf-dist/tex/latex/translator/translator-numbers-dictionary-Engli
sh.dict
Dictionary: translator-numbers-dictionary, Language: English 
)
(/usr/share/texmf-dist/tex/latex/translator/translator-theorem-dictionary-Engli
sh.dict
Dictionary: translator-theorem-dictionary, Language: English 
)
Package biblatex Info: Input encoding 'utf8' detected.
Package biblatex Info: Automatic encoding selection.
(biblatex)             Assuming data encoding 'utf8'.
\openout7 = `SDQ_vorlage_beamer.bcf'.

Package biblatex Info: Trying to load bibliographic data...
Package biblatex Info: ... file 'SDQ_vorlage_beamer.bbl' not found.

No file SDQ_vorlage_beamer.bbl.
Package biblatex Info: Reference section=0 on input line 60.
Package biblatex Info: Reference segment=0 on input line 60.
(./SDQ_vorlage_beamer.nav)
LaTeX Font Info:    Font shape `OT1/phv/m/n' will be
(Font)              scaled to size 5.51999pt on input line 60.
LaTeX Font Info:    Font shape `OT1/phv/m/n' will be
(Font)              scaled to size 3.68pt on input line 60.
<logos/kitlogo_de_rgb.pdf, id=45, 196.91472pt x 90.65388pt>
File: logos/kitlogo_de_rgb.pdf Graphic file (type pdf)
<use logos/kitlogo_de_rgb.pdf>
Package pdftex.def Info: logos/kitlogo_de_rgb.pdf  used on input line 68.
(pdftex.def)             Requested size: 65.44133pt x 30.12611pt.
<logos/blank.png, id=46, 1003.75pt x 1003.75pt>
File: logos/blank.png Graphic file (type png)
<use logos/blank.png>
Package pdftex.def Info: logos/blank.png  used on input line 68.
(pdftex.def)             Requested size: 56.9055pt x 56.89883pt.
LaTeX Font Info:    Font shape `OT1/phv/bx/n' in size <14.4> not available
(Font)              Font shape `OT1/phv/b/n' tried instead on input line 68.
LaTeX Font Info:    Font shape `OT1/phv/b/n' will be
(Font)              scaled to size 13.24796pt on input line 68.
LaTeX Font Info:    Font shape `OT1/phv/m/n' will be
(Font)              scaled to size 7.35999pt on input line 68.
LaTeX Font Info:    Try loading font information for OMS+phv on input line 68.
 (/usr/share/texmf-dist/tex/latex/psnfss/omsphv.fd
File: omsphv.fd 
)
LaTeX Font Info:    Font shape `OMS/phv/m/n' in size <8> not available
(Font)              Font shape `OMS/cmsy/m/n' tried instead on input line 68.
LaTeX Font Info:    Font shape `OT1/phv/bx/n' in size <8> not available
(Font)              Font shape `OT1/phv/b/n' tried instead on input line 68.
LaTeX Font Info:    Font shape `OT1/phv/b/n' will be
(Font)              scaled to size 7.35999pt on input line 68.
<logos/bauplan.jpg, id=48, 1284.8pt x 407.5225pt>
File: logos/bauplan.jpg Graphic file (type jpg)
<use logos/bauplan.jpg>
Package pdftex.def Info: logos/bauplan.jpg  used on input line 68.
(pdftex.def)             Requested size: 431.33698pt x 113.80704pt.

[1

{/var/lib/texmf/fonts/map/pdftex/updmap/pdftex.map} <./logos/kitlogo_de_rgb.pdf
> <./logos/blank.png> <./logos/bauplan.jpg>] (./SDQ_vorlage_beamer.toc)
File: logos/kitlogo_de_rgb.pdf Graphic file (type pdf)
<use logos/kitlogo_de_rgb.pdf>
Package pdftex.def Info: logos/kitlogo_de_rgb.pdf  used on input line 73.
(pdftex.def)             Requested size: 39.83385pt x 18.33794pt.
LaTeX Font Info:    Font shape `OT1/phv/m/n' will be
(Font)              scaled to size 9.19998pt on input line 73.
LaTeX Font Info:    Font shape `OT1/phv/m/n' will be
(Font)              scaled to size 8.27998pt on input line 73.

Overfull \hbox (4.36224pt too wide) has occurred while \output is active
 []\OT1/phv/m/n/9 Zusammenfassung  
 []


Overfull \hbox (329.31023pt too wide) has occurred while \output is active
[] 
 []

[2

]
LaTeX Font Info:    Font shape `OT1/phv/bx/n' in size <10.95> not available
(Font)              Font shape `OT1/phv/b/n' tried instead on input line 99.
LaTeX Font Info:    Font shape `OT1/phv/b/n' will be
(Font)              scaled to size 10.07397pt on input line 99.
<adapter.pdf, id=134, 376.52669pt x 102.3825pt>
File: adapter.pdf Graphic file (type pdf)
<use adapter.pdf>
Package pdftex.def Info: adapter.pdf  used on input line 99.
(pdftex.def)             Requested size: 301.91pt x 82.09825pt.
File: logos/kitlogo_de_rgb.pdf Graphic file (type pdf)
<use logos/kitlogo_de_rgb.pdf>
Package pdftex.def Info: logos/kitlogo_de_rgb.pdf  used on input line 99.
(pdftex.def)             Requested size: 39.83385pt x 18.33794pt.

Overfull \hbox (4.36224pt too wide) has occurred while \output is active
 []\OT1/phv/m/n/9 Zusammenfassung  
 []


Overfull \hbox (329.31023pt too wide) has occurred while \output is active
[] 
 []

[3

 <./adapter.pdf

pdfTeX warning: /usr/bin/pdflatex (file ./adapter.pdf): PDF inclusion: invalid 
other resource which is no dict (key 'ProcSets', type <array>); ignored.
>]
LaTeX Font Info:    Try loading font information for U+msa on input line 114.
 (/usr/share/texmf-dist/tex/latex/amsfonts/umsa.fd
File: umsa.fd 2013/01/14 v3.01 AMS symbols A
)
LaTeX Font Info:    Try loading font information for U+msb on input line 114.

(/usr/share/texmf-dist/tex/latex/amsfonts/umsb.fd
File: umsb.fd 2013/01/14 v3.01 AMS symbols B
)
LaTeX Font Info:    Font shape `OT1/phv/m/it' in size <10.95> not available
(Font)              Font shape `OT1/phv/m/sl' tried instead on input line 114.
LaTeX Font Info:    Font shape `OT1/phv/m/sl' will be
(Font)              scaled to size 10.07397pt on input line 114.
LaTeX Font Info:    Font shape `OT1/phv/m/it' in size <8> not available
(Font)              Font shape `OT1/phv/m/sl' tried instead on input line 114.
LaTeX Font Info:    Font shape `OT1/phv/m/sl' will be
(Font)              scaled to size 7.35999pt on input line 114.
LaTeX Font Info:    Font shape `OT1/phv/m/it' in size <6> not available
(Font)              Font shape `OT1/phv/m/sl' tried instead on input line 114.
LaTeX Font Info:    Font shape `OT1/phv/m/sl' will be
(Font)              scaled to size 5.51999pt on input line 114.
File: logos/kitlogo_de_rgb.pdf Graphic file (type pdf)
<use logos/kitlogo_de_rgb.pdf>
Package pdftex.def Info: logos/kitlogo_de_rgb.pdf  used on input line 114.
(pdftex.def)             Requested size: 39.83385pt x 18.33794pt.

Overfull \hbox (4.36224pt too wide) has occurred while \output is active
 []\OT1/phv/m/n/9 Zusammenfassung  
 []


Overfull \hbox (329.31023pt too wide) has occurred while \output is active
[] 
 []

[4

]
File: logos/kitlogo_de_rgb.pdf Graphic file (type pdf)
<use logos/kitlogo_de_rgb.pdf>
Package pdftex.def Info: logos/kitlogo_de_rgb.pdf  used on input line 142.
(pdftex.def)             Requested size: 39.83385pt x 18.33794pt.

Overfull \hbox (4.36224pt too wide) has occurred while \output is active
 []\OT1/phv/m/n/9 Zusammenfassung  
 []


Overfull \hbox (329.31023pt too wide) has occurred while \output is active
[] 
 []

[5

]
File: logos/kitlogo_de_rgb.pdf Graphic file (type pdf)
<use logos/kitlogo_de_rgb.pdf>
Package pdftex.def Info: logos/kitlogo_de_rgb.pdf  used on input line 170.
(pdftex.def)             Requested size: 39.83385pt x 18.33794pt.

Overfull \hbox (4.36224pt too wide) has occurred while \output is active
 []\OT1/phv/m/n/9 Zusammenfassung  
 []


Overfull \hbox (329.31023pt too wide) has occurred while \output is active
[] 
 []

[6

]
File: logos/kitlogo_de_rgb.pdf Graphic file (type pdf)
<use logos/kitlogo_de_rgb.pdf>
Package pdftex.def Info: logos/kitlogo_de_rgb.pdf  used on input line 187.
(pdftex.def)             Requested size: 39.83385pt x 18.33794pt.

Overfull \hbox (4.36224pt too wide) has occurred while \output is active
 []\OT1/phv/m/n/9 Zusammenfassung  
 []


Overfull \hbox (329.31023pt too wide) has occurred while \output is active
[] 
 []

[7

]
\openout4 = `SDQ_vorlage_beamer.vrb'.

 (./SDQ_vorlage_beamer.vrb
\openout5 = `SDQ_vorlage_beamer.pyg'.


(./_minted-SDQ_vorlage_beamer/default-pyg-prefix.pygstyle)
(./_minted-SDQ_vorlage_beamer/default.pygstyle)
(./_minted-SDQ_vorlage_beamer/E3988E450597D95084EC67C095F1046CB74BC3369442264CD
D7A36E82E95C1DE.pygtex)
\openout5 = `SDQ_vorlage_beamer.pyg'.


(./_minted-SDQ_vorlage_beamer/1AAAFECB016F00CF4555288D84EBCB91B74BC3369442264CD
D7A36E82E95C1DE.pygtex))
File: logos/kitlogo_de_rgb.pdf Graphic file (type pdf)
<use logos/kitlogo_de_rgb.pdf>
Package pdftex.def Info: logos/kitlogo_de_rgb.pdf  used on input line 201.
(pdftex.def)             Requested size: 39.83385pt x 18.33794pt.

Overfull \hbox (4.36224pt too wide) has occurred while \output is active
 []\OT1/phv/m/n/9 Zusammenfassung  
 []


Overfull \hbox (329.31023pt too wide) has occurred while \output is active
[] 
 []

[8

]
\openout4 = `SDQ_vorlage_beamer.vrb'.

 (./SDQ_vorlage_beamer.vrb
\openout5 = `SDQ_vorlage_beamer.pyg'.


(./_minted-SDQ_vorlage_beamer/DF437E7071A53A9AC40598694EFDF83761DC08C202A34627A
D9BC814612FCE5C.pygtex
LaTeX Font Info:    Font shape `OT1/cmtt/bx/n' in size <10.95> not available
(Font)              Font shape `OT1/cmtt/m/n' tried instead on input line 2.
))
File: logos/kitlogo_de_rgb.pdf Graphic file (type pdf)
<use logos/kitlogo_de_rgb.pdf>
Package pdftex.def Info: logos/kitlogo_de_rgb.pdf  used on input line 215.
(pdftex.def)             Requested size: 39.83385pt x 18.33794pt.

Overfull \hbox (4.36224pt too wide) has occurred while \output is active
 []\OT1/phv/m/n/9 Zusammenfassung  
 []


Overfull \hbox (329.31023pt too wide) has occurred while \output is active
[] 
 []

[9

]
\openout4 = `SDQ_vorlage_beamer.vrb'.

 (./SDQ_vorlage_beamer.vrb
\openout5 = `SDQ_vorlage_beamer.pyg'.


(./_minted-SDQ_vorlage_beamer/03A06E552E0F70A43D4DB7DDCFD924D361DC08C202A34627A
D9BC814612FCE5C.pygtex))
File: logos/kitlogo_de_rgb.pdf Graphic file (type pdf)
<use logos/kitlogo_de_rgb.pdf>
Package pdftex.def Info: logos/kitlogo_de_rgb.pdf  used on input line 231.
(pdftex.def)             Requested size: 39.83385pt x 18.33794pt.

Overfull \hbox (4.36224pt too wide) has occurred while \output is active
 []\OT1/phv/m/n/9 Zusammenfassung  
 []


Overfull \hbox (329.31023pt too wide) has occurred while \output is active
[] 
 []

[10

]
\openout4 = `SDQ_vorlage_beamer.vrb'.

 (./SDQ_vorlage_beamer.vrb
\openout5 = `SDQ_vorlage_beamer.pyg'.


(./_minted-SDQ_vorlage_beamer/808821836A761EB58A236AB2191ED28E61DC08C202A34627A
D9BC814612FCE5C.pygtex))
File: logos/kitlogo_de_rgb.pdf Graphic file (type pdf)
<use logos/kitlogo_de_rgb.pdf>
Package pdftex.def Info: logos/kitlogo_de_rgb.pdf  used on input line 244.
(pdftex.def)             Requested size: 39.83385pt x 18.33794pt.

Overfull \hbox (4.36224pt too wide) has occurred while \output is active
 []\OT1/phv/m/n/9 Zusammenfassung  
 []


Overfull \hbox (329.31023pt too wide) has occurred while \output is active
[] 
 []

[11

]
File: logos/kitlogo_de_rgb.pdf Graphic file (type pdf)
<use logos/kitlogo_de_rgb.pdf>
Package pdftex.def Info: logos/kitlogo_de_rgb.pdf  used on input line 266.
(pdftex.def)             Requested size: 39.83385pt x 18.33794pt.

Overfull \hbox (4.36224pt too wide) has occurred while \output is active
 []\OT1/phv/m/n/9 Zusammenfassung  
 []


Overfull \hbox (329.31023pt too wide) has occurred while \output is active
[] 
 []

[12

]
\openout4 = `SDQ_vorlage_beamer.vrb'.

 (./SDQ_vorlage_beamer.vrb
\openout5 = `SDQ_vorlage_beamer.pyg'.


(./_minted-SDQ_vorlage_beamer/5D78A50788B1AE385EDAF0E4C037C65561DC08C202A34627A
D9BC814612FCE5C.pygtex))
File: logos/kitlogo_de_rgb.pdf Graphic file (type pdf)
<use logos/kitlogo_de_rgb.pdf>
Package pdftex.def Info: logos/kitlogo_de_rgb.pdf  used on input line 279.
(pdftex.def)             Requested size: 39.83385pt x 18.33794pt.

Overfull \hbox (4.36224pt too wide) has occurred while \output is active
 []\OT1/phv/m/n/9 Zusammenfassung  
 []


Overfull \hbox (329.31023pt too wide) has occurred while \output is active
[] 
 []

[13

]
<prolog4j.pdf, id=524, 633.32607pt x 260.89468pt>
File: prolog4j.pdf Graphic file (type pdf)
<use prolog4j.pdf>
Package pdftex.def Info: prolog4j.pdf  used on input line 285.
(pdftex.def)             Requested size: 335.45784pt x 138.18991pt.
File: logos/kitlogo_de_rgb.pdf Graphic file (type pdf)
<use logos/kitlogo_de_rgb.pdf>
Package pdftex.def Info: logos/kitlogo_de_rgb.pdf  used on input line 285.
(pdftex.def)             Requested size: 39.83385pt x 18.33794pt.

Overfull \hbox (4.36224pt too wide) has occurred while \output is active
 []\OT1/phv/m/n/9 Zusammenfassung  
 []


Overfull \hbox (329.31023pt too wide) has occurred while \output is active
[] 
 []

[14

 <./prolog4j.pdf

pdfTeX warning: /usr/bin/pdflatex (file ./prolog4j.pdf): PDF inclusion: invalid
 other resource which is no dict (key 'ProcSets', type <array>); ignored.
>]
File: logos/kitlogo_de_rgb.pdf Graphic file (type pdf)
<use logos/kitlogo_de_rgb.pdf>
Package pdftex.def Info: logos/kitlogo_de_rgb.pdf  used on input line 310.
(pdftex.def)             Requested size: 39.83385pt x 18.33794pt.

Overfull \hbox (4.36224pt too wide) has occurred while \output is active
 []\OT1/phv/m/n/9 Zusammenfassung  
 []


Overfull \hbox (329.31023pt too wide) has occurred while \output is active
[] 
 []

[15

]
\openout4 = `SDQ_vorlage_beamer.vrb'.

 (./SDQ_vorlage_beamer.vrb
\openout5 = `SDQ_vorlage_beamer.pyg'.


(./_minted-SDQ_vorlage_beamer/4F5C4D39968F22BA521FA170E09E5582B74BC3369442264CD
D7A36E82E95C1DE.pygtex)
\openout5 = `SDQ_vorlage_beamer.pyg'.


(./_minted-SDQ_vorlage_beamer/DFDB88254D9D4BC9D057CDA63A5E0B6BB74BC3369442264CD
D7A36E82E95C1DE.pygtex)
\openout5 = `SDQ_vorlage_beamer.pyg'.


(./_minted-SDQ_vorlage_beamer/D236B4A0FC1AB01BE513C28C29A6E8FD67F79513399057B19
4BEFDAB6DACF7C5.pygtex))
File: logos/kitlogo_de_rgb.pdf Graphic file (type pdf)
<use logos/kitlogo_de_rgb.pdf>
Package pdftex.def Info: logos/kitlogo_de_rgb.pdf  used on input line 329.
(pdftex.def)             Requested size: 39.83385pt x 18.33794pt.

Overfull \hbox (4.36224pt too wide) has occurred while \output is active
 []\OT1/phv/m/n/9 Zusammenfassung  
 []


Overfull \hbox (329.31023pt too wide) has occurred while \output is active
[] 
 []

[16

]
\openout4 = `SDQ_vorlage_beamer.vrb'.

 (./SDQ_vorlage_beamer.vrb
\openout5 = `SDQ_vorlage_beamer.pyg'.


(./_minted-SDQ_vorlage_beamer/6D481380C842D8AD2377AB39F469749EB74BC3369442264CD
D7A36E82E95C1DE.pygtex))
File: logos/kitlogo_de_rgb.pdf Graphic file (type pdf)
<use logos/kitlogo_de_rgb.pdf>
Package pdftex.def Info: logos/kitlogo_de_rgb.pdf  used on input line 342.
(pdftex.def)             Requested size: 39.83385pt x 18.33794pt.

Overfull \hbox (4.36224pt too wide) has occurred while \output is active
 []\OT1/phv/m/n/9 Zusammenfassung  
 []


Overfull \hbox (329.31023pt too wide) has occurred while \output is active
[] 
 []

[17

]
\openout4 = `SDQ_vorlage_beamer.vrb'.

 (./SDQ_vorlage_beamer.vrb
\openout5 = `SDQ_vorlage_beamer.pyg'.


(./_minted-SDQ_vorlage_beamer/3BCFE525798319F71B2C3B4744A44571B74BC3369442264CD
D7A36E82E95C1DE.pygtex)
\openout5 = `SDQ_vorlage_beamer.pyg'.


(./_minted-SDQ_vorlage_beamer/6DBD821F39D7AC538C01506E551FA39FB74BC3369442264CD
D7A36E82E95C1DE.pygtex))
File: logos/kitlogo_de_rgb.pdf Graphic file (type pdf)
<use logos/kitlogo_de_rgb.pdf>
Package pdftex.def Info: logos/kitlogo_de_rgb.pdf  used on input line 357.
(pdftex.def)             Requested size: 39.83385pt x 18.33794pt.

Overfull \hbox (4.36224pt too wide) has occurred while \output is active
 []\OT1/phv/m/n/9 Zusammenfassung  
 []


Overfull \hbox (329.31023pt too wide) has occurred while \output is active
[] 
 []

[18

]
\openout4 = `SDQ_vorlage_beamer.vrb'.

 (./SDQ_vorlage_beamer.vrb
\openout5 = `SDQ_vorlage_beamer.pyg'.


(./_minted-SDQ_vorlage_beamer/AD05B41654E4EA6553A723712CFC6059B74BC3369442264CD
D7A36E82E95C1DE.pygtex)
\openout5 = `SDQ_vorlage_beamer.pyg'.


(./_minted-SDQ_vorlage_beamer/39540322E50BCFECE5D2FEC434BFCCDDB74BC3369442264CD
D7A36E82E95C1DE.pygtex))
File: logos/kitlogo_de_rgb.pdf Graphic file (type pdf)
<use logos/kitlogo_de_rgb.pdf>
Package pdftex.def Info: logos/kitlogo_de_rgb.pdf  used on input line 372.
(pdftex.def)             Requested size: 39.83385pt x 18.33794pt.

Overfull \hbox (4.36224pt too wide) has occurred while \output is active
 []\OT1/phv/m/n/9 Zusammenfassung  
 []


Overfull \hbox (329.31023pt too wide) has occurred while \output is active
[] 
 []

[19

]
File: logos/kitlogo_de_rgb.pdf Graphic file (type pdf)
<use logos/kitlogo_de_rgb.pdf>
Package pdftex.def Info: logos/kitlogo_de_rgb.pdf  used on input line 383.
(pdftex.def)             Requested size: 39.83385pt x 18.33794pt.

Overfull \hbox (4.36224pt too wide) has occurred while \output is active
 []\OT1/phv/m/n/9 Zusammenfassung  
 []


Overfull \hbox (329.31023pt too wide) has occurred while \output is active
[] 
 []

[20

]
File: logos/kitlogo_de_rgb.pdf Graphic file (type pdf)
<use logos/kitlogo_de_rgb.pdf>
Package pdftex.def Info: logos/kitlogo_de_rgb.pdf  used on input line 399.
(pdftex.def)             Requested size: 39.83385pt x 18.33794pt.

Overfull \hbox (4.36224pt too wide) has occurred while \output is active
 []\OT1/phv/m/n/9 Zusammenfassung  
 []


Overfull \hbox (329.31023pt too wide) has occurred while \output is active
[] 
 []

[21

]
<osgi.pdf, id=817, 528.05281pt x 301.125pt>
File: osgi.pdf Graphic file (type pdf)
<use osgi.pdf>
Package pdftex.def Info: osgi.pdf  used on input line 405.
(pdftex.def)             Requested size: 335.45784pt x 191.29955pt.
File: logos/kitlogo_de_rgb.pdf Graphic file (type pdf)
<use logos/kitlogo_de_rgb.pdf>
Package pdftex.def Info: logos/kitlogo_de_rgb.pdf  used on input line 405.
(pdftex.def)             Requested size: 39.83385pt x 18.33794pt.

Overfull \hbox (4.36224pt too wide) has occurred while \output is active
 []\OT1/phv/m/n/9 Zusammenfassung  
 []


Overfull \hbox (329.31023pt too wide) has occurred while \output is active
[] 
 []

[22

 <./osgi.pdf

pdfTeX warning: /usr/bin/pdflatex (file ./osgi.pdf): PDF inclusion: invalid oth
er resource which is no dict (key 'ProcSets', type <array>); ignored.
>]
File: logos/kitlogo_de_rgb.pdf Graphic file (type pdf)
<use logos/kitlogo_de_rgb.pdf>
Package pdftex.def Info: logos/kitlogo_de_rgb.pdf  used on input line 429.
(pdftex.def)             Requested size: 39.83385pt x 18.33794pt.

Overfull \hbox (4.36224pt too wide) has occurred while \output is active
 []\OT1/phv/m/n/9 Zusammenfassung  
 []


Overfull \hbox (329.31023pt too wide) has occurred while \output is active
[] 
 []

[23

]
\tf@nav=\write9
\openout9 = `SDQ_vorlage_beamer.nav'.

\tf@toc=\write10
\openout10 = `SDQ_vorlage_beamer.toc'.

\tf@snm=\write11
\openout11 = `SDQ_vorlage_beamer.snm'.

Package atveryend Info: Empty hook `BeforeClearDocument' on input line 431.
Package atveryend Info: Empty hook `AfterLastShipout' on input line 431.
 (./SDQ_vorlage_beamer.aux)
Package atveryend Info: Executing hook `AtVeryEndDocument' on input line 431.
Package atveryend Info: Executing hook `AtEndAfterFileList' on input line 431.
Package rerunfilecheck Info: File `SDQ_vorlage_beamer.out' has not changed.
(rerunfilecheck)             Checksum: 46772D27A399DC7432ED15F11CEEBFDE;407.
runsystem(rm SDQ_vorlage_beamer.pyg)...executed.

Package logreq Info: Writing requests to 'SDQ_vorlage_beamer.run.xml'.
\openout1 = `SDQ_vorlage_beamer.run.xml'.

 )
(\end occurred inside a group at level 1)

### simple group (level 1) entered at line 59 ({)
### bottom level 
Here is how much of TeX's memory you used:
 27311 strings out of 492623
 525412 string characters out of 6135669
 1066337 words of memory out of 5000000
 30528 multiletter control sequences out of 15000+600000
 27308 words of font info for 58 fonts, out of 8000000 for 9000
 1143 hyphenation exceptions out of 8191
 56i,16n,68p,785b,4457s stack positions out of 5000i,500n,10000p,200000b,80000s
{/usr/share/texmf-dist/fonts/enc/dvips/base/8r.enc}</usr/share/
texmf-dist/fonts/type1/public/amsfonts/cm/cmitt10.pfb></usr/share/texmf-dist/fo
nts/type1/public/amsfonts/cm/cmsy10.pfb></usr/share/texmf-dist/fonts/type1/publ
ic/amsfonts/cm/cmsy8.pfb></usr/share/texmf-dist/fonts/type1/public/amsfonts/cm/
cmtt10.pfb></usr/share/texmf-dist/fonts/type1/public/amsfonts/symbols/msam10.pf
b></usr/share/texmf-dist/fonts/type1/urw/helvetic/uhvb8a.pfb></usr/share/texmf-
dist/fonts/type1/urw/helvetic/uhvr8a.pfb>
Output written on SDQ_vorlage_beamer.pdf (23 pages, 502880 bytes).
PDF statistics:
 944 PDF objects out of 1000 (max. 8388607)
 875 compressed objects within 9 object streams
 55 named destinations out of 1000 (max. 500000)
 149 words of extra memory for PDF output out of 10000 (max. 10000000)

